WRONG: is house tax and property tax are same
WRONG: is pain experienced in a missing body part or paralyzed area
WRONG: is harry potter and the escape from gringotts a roller coaster ride
WRONG: is there a difference between hydroxyzine hcl and hydroxyzine pam
WRONG: can an odd number be divided by an even number
WRONG: is there a word with q without u
WRONG: can u drive in canada with us license
WRONG: is there a play off for third place in the world cup
WRONG: can minors drink with parents in new york
WRONG: is it bad to wash your hair with shower gel
WRONG: will there be a season 8 of vampire diaries
WRONG: was the movie strangers based on a true story
WRONG: is durham university part of the russell group
WRONG: is the tv show the resident over for the season
WRONG: does magnesium citrate have citric acid in it
WRONG: does a spark plug keep an engine running
WRONG: is a cape and a cloak the same
WRONG: does it cost money to renounce us citizenship
WRONG: is a fire 7 the same as a kindle
WRONG: can you drink alcohol with your parents in wisconsin
WRONG: do penguins have feathers arising from the epidermis
WRONG: is the enchanted forest in oregon still open
WRONG: is there a golf course at the indy 500
WRONG: does deadpool have a kid in the comics
WRONG: do they still make benson & hedges cigarettes
WRONG: is an engine speed sensor the same as a crankshaft sensor
WRONG: is there any next part of avengers infinity war
WRONG: is it legal to do a cover of a song
WRONG: is columbus day a national holiday in the united states
WRONG: is there an interstate that goes coast to coast
WRONG: can there be a word without a vowel
WRONG: does only the winner get money on tipping point
WRONG: is there such a thing as a turkey vulture
WRONG: has anyone hit a hole in one on a par 5
WRONG: do the jets and giants share a stadium
WRONG: is the us womens soccer team in the world cup
WRONG: can an african team win the world cup
WRONG: can a hammer be used as a weapon
WRONG: can you wear short sleeve shirt with asu jacket
WRONG: is there a player in the nfl missing a hand
WRONG: is the other boleyn girl part of a series
WRONG: do radio waves travel at the speed of light
WRONG: did anyone from the 1980 us hockey team play in the nhl
WRONG: do all triangles have at least two acute angles
WRONG: is baylor and mary hardin baylor the same school
WRONG: are t rex and tyrannosaurus rex the same
WRONG: is the old panama canal still in use
WRONG: do you need a pal to possess ammunition
WRONG: did to kill a mockingbird win an academy award
WRONG: is there such a thing as a floating island
WRONG: do female ferrets die if they don't mate
WRONG: do the runners up on survivor win money
WRONG: are there nuclear power plants in the us
WRONG: were the twin towers the world trade center
WRONG: is a german shepard the same as an alsatian
WRONG: does a frog jump out of boiling water
WRONG: is it possible to create mass from energy
WRONG: is there a movie with 0 on rotten tomatoes
WRONG: is the jaguar s type rear wheel drive
WRONG: is a tablespoon bigger than a dessert spoon
WRONG: is this the last season of bunk'd
WRONG: does the president live in the white house
WRONG: does the dorsal root ganglion carry sensory input
WRONG: is anne with an e filmed on pei
WRONG: can someone die from a bullet shot in the air
WRONG: is salt lake city the biggest city in utah
Total accuracy: 0.34
